This is e-pTeX, Version 3.14159265-p3.7.1-161114-2.6 (sjis) (TeX Live 2017/W32TeX) (preloaded format=platex 2017.7.20)  7 JUN 2018 12:10
entering extended mode
 restricted \write18 enabled.
 %&-line parsing enabled.
**./Solutions.tex
(./Solutions.tex
pLaTeX2e <2017/05/05> (based on LaTeX2e <2017-04-15>)
Babel <3.12> and hyphenation patterns for 84 language(s) loaded.
(c:/texlive/2017/texmf-dist/tex/latex/base/article.cls
Document Class: article 2014/09/29 v1.4h Standard LaTeX document class
(c:/texlive/2017/texmf-dist/tex/latex/base/size10.clo
File: size10.clo 2014/09/29 v1.4h Standard LaTeX file (size option)
)
\c@part=\count82
\c@section=\count83
\c@subsection=\count84
\c@subsubsection=\count85
\c@paragraph=\count86
\c@subparagraph=\count87
\c@figure=\count88
\c@table=\count89
\abovecaptionskip=\skip41
\belowcaptionskip=\skip42
\bibindent=\dimen118
)
(c:/texlive/2017/texmf-dist/tex/latex/amsfonts/amsfonts.sty
Package: amsfonts 2013/01/14 v3.01 Basic AMSFonts support
\@emptytoks=\toks15
\symAMSa=\mathgroup4
\symAMSb=\mathgroup5
LaTeX Font Info:    Overwriting math alphabet `\mathfrak' in version `bold'
(Font)                  U/euf/m/n --> U/euf/b/n on input line 106.
)
(c:/texlive/2017/texmf-dist/tex/latex/amsfonts/amssymb.sty
Package: amssymb 2013/01/14 v3.01 AMS font symbols
)
(c:/texlive/2017/texmf-dist/tex/latex/amsmath/amsmath.sty
Package: amsmath 2016/11/05 v2.16a AMS math features
\@mathmargin=\skip43

For additional information on amsmath, use the `?' option.
(c:/texlive/2017/texmf-dist/tex/latex/amsmath/amstext.sty
Package: amstext 2000/06/29 v2.01 AMS text

(c:/texlive/2017/texmf-dist/tex/latex/amsmath/amsgen.sty
File: amsgen.sty 1999/11/30 v2.0 generic functions
\@emptytoks=\toks16
\ex@=\dimen119
))
(c:/texlive/2017/texmf-dist/tex/latex/amsmath/amsbsy.sty
Package: amsbsy 1999/11/29 v1.2d Bold Symbols
\pmbraise@=\dimen120
)
(c:/texlive/2017/texmf-dist/tex/latex/amsmath/amsopn.sty
Package: amsopn 2016/03/08 v2.02 operator names
)
\inf@bad=\count90
LaTeX Info: Redefining \frac on input line 213.
\uproot@=\count91
\leftroot@=\count92
LaTeX Info: Redefining \overline on input line 375.
\classnum@=\count93
\DOTSCASE@=\count94
LaTeX Info: Redefining \ldots on input line 472.
LaTeX Info: Redefining \dots on input line 475.
LaTeX Info: Redefining \cdots on input line 596.
\Mathstrutbox@=\box42
\strutbox@=\box43
\big@size=\dimen121
LaTeX Font Info:    Redeclaring font encoding OML on input line 712.
LaTeX Font Info:    Redeclaring font encoding OMS on input line 713.
\macc@depth=\count95
\c@MaxMatrixCols=\count96
\dotsspace@=\muskip10
\c@parentequation=\count97
\dspbrk@lvl=\count98
\tag@help=\toks17
\row@=\count99
\column@=\count100
\maxfields@=\count101
\andhelp@=\toks18
\eqnshift@=\dimen122
\alignsep@=\dimen123
\tagshift@=\dimen124
\tagwidth@=\dimen125
\totwidth@=\dimen126
\lineht@=\dimen127
\@envbody=\toks19
\multlinegap=\skip44
\multlinetaggap=\skip45
\mathdisplay@stack=\toks20
LaTeX Info: Redefining \[ on input line 2817.
LaTeX Info: Redefining \] on input line 2818.
)
(c:/texlive/2017/texmf-dist/tex/latex/tools/bm.sty
Package: bm 2017/01/16 v1.2c Bold Symbol Support (DPC/FMi)
\symboldoperators=\mathgroup6
\symboldletters=\mathgroup7
\symboldsymbols=\mathgroup8
LaTeX Font Info:    Redeclaring math alphabet \mathbf on input line 141.
LaTeX Info: Redefining \bm on input line 207.
)
(c:/texlive/2017/texmf-dist/tex/latex/graphics/graphicx.sty
Package: graphicx 2017/06/01 v1.1a Enhanced LaTeX Graphics (DPC,SPQR)

(c:/texlive/2017/texmf-dist/tex/latex/graphics/keyval.sty
Package: keyval 2014/10/28 v1.15 key=value parser (DPC)
\KV@toks@=\toks21
)
(c:/texlive/2017/texmf-dist/tex/latex/graphics/graphics.sty
Package: graphics 2017/06/25 v1.2c Standard LaTeX Graphics (DPC,SPQR)

(c:/texlive/2017/texmf-dist/tex/latex/graphics/trig.sty
Package: trig 2016/01/03 v1.10 sin cos tan (DPC)
)
(c:/texlive/2017/texmf-dist/tex/latex/graphics-cfg/graphics.cfg
File: graphics.cfg 2016/06/04 v1.11 sample graphics configuration
)
Package graphics Info: Driver file: dvipdfmx.def on input line 99.

(c:/texlive/2017/texmf-dist/tex/latex/graphics-def/dvipdfmx.def
File: dvipdfmx.def 2017/06/24 v5.0g Graphics/color driver for dvipdfmx
))
\Gin@req@height=\dimen128
\Gin@req@width=\dimen129
)

LaTeX Warning: Unused global option(s):
    [fontsize=12pt].

(./Solutions.aux)
\openout1 = `Solutions.aux'.

LaTeX Font Info:    Checking defaults for OML/cmm/m/it on input line 15.
LaTeX Font Info:    ... okay on input line 15.
LaTeX Font Info:    Checking defaults for T1/cmr/m/n on input line 15.
LaTeX Font Info:    ... okay on input line 15.
LaTeX Font Info:    Checking defaults for OT1/cmr/m/n on input line 15.
LaTeX Font Info:    ... okay on input line 15.
LaTeX Font Info:    Checking defaults for OMS/cmsy/m/n on input line 15.
LaTeX Font Info:    ... okay on input line 15.
LaTeX Font Info:    Checking defaults for OMX/cmex/m/n on input line 15.
LaTeX Font Info:    ... okay on input line 15.
LaTeX Font Info:    Checking defaults for U/cmr/m/n on input line 15.
LaTeX Font Info:    ... okay on input line 15.
LaTeX Font Info:    Checking defaults for JY1/mc/m/n on input line 15.
LaTeX Font Info:    ... okay on input line 15.
LaTeX Font Info:    Checking defaults for JT1/mc/m/n on input line 15.
LaTeX Font Info:    ... okay on input line 15.
LaTeX Font Info:    Try loading font information for U+msa on input line 16.
 (c:/texlive/2017/texmf-dist/tex/latex/amsfonts/umsa.fd
File: umsa.fd 2013/01/14 v3.01 AMS symbols A
)
LaTeX Font Info:    Try loading font information for U+msb on input line 16.

(c:/texlive/2017/texmf-dist/tex/latex/amsfonts/umsb.fd
File: umsb.fd 2013/01/14 v3.01 AMS symbols B
) [1

]
LaTeX Font Info:    Font shape `JT1/mc/bx/n' in size <14.4> not available
(Font)              Font shape `JT1/gt/m/n' tried instead on input line 19.
LaTeX Font Info:    Font shape `JY1/mc/bx/n' in size <14.4> not available
(Font)              Font shape `JY1/gt/m/n' tried instead on input line 19.
File: calculator.jpg Graphic file (type bmp)
<calculator.jpg>
 [2]
Overfull \hbox (132.74583pt too wide) in paragraph at lines 107--107
[]\OT1/cmtt/m/n/10 <input type=textview class=textview name = screen1 style = "
text-align:right" disabled><br>[] 
 []


Overfull \hbox (111.74602pt too wide) in paragraph at lines 107--107
[]\OT1/cmtt/m/n/10 <input type=button class=button name = btn9 value =9 onclick
 ="displaynum(btn9.value)">[] 
 []


Overfull \hbox (106.49606pt too wide) in paragraph at lines 107--107
[]\OT1/cmtt/m/n/10 <input type=button class=button name = btn8 value =8 onclick
="displaynum(btn8.value)">[] 
 []


Overfull \hbox (111.74602pt too wide) in paragraph at lines 107--107
[]\OT1/cmtt/m/n/10 <input type=button class=button name = btn7 value =7 onclick
 ="displaynum(btn7.value)">[] 
 []


Overfull \hbox (148.4957pt too wide) in paragraph at lines 107--107
[]\OT1/cmtt/m/n/10 <input type=button class=button name = btnpls value=+ onclic
k ="displaynum(btnpls.value)"><br>[] 
 []


Overfull \hbox (111.74602pt too wide) in paragraph at lines 107--107
[]\OT1/cmtt/m/n/10 <input type=button class=button name = btn6 value =6 onclick
 ="displaynum(btn6.value)">[] 
 []


Overfull \hbox (111.74602pt too wide) in paragraph at lines 107--107
[]\OT1/cmtt/m/n/10 <input type=button class=button name = btn5 value =5 onclick
 ="displaynum(btn5.value)">[] 
 []


Overfull \hbox (111.74602pt too wide) in paragraph at lines 107--107
[]\OT1/cmtt/m/n/10 <input type=button class=button name = btn4 value =4 onclick
 ="displaynum(btn4.value)">[] 
 []


Overfull \hbox (158.9956pt too wide) in paragraph at lines 107--107
[]\OT1/cmtt/m/n/10 <input type=button class=button name = btnmin value = - oncl
ick ="displaynum(btnmin.value)"><br>[] 
 []


Overfull \hbox (111.74602pt too wide) in paragraph at lines 107--107
[]\OT1/cmtt/m/n/10 <input type=button class=button name = btn3 value =3 onclick
 ="displaynum(btn3.value)">[] 
 []


Overfull \hbox (111.74602pt too wide) in paragraph at lines 107--107
[]\OT1/cmtt/m/n/10 <input type=button class=button name = btn2 value =2 onclick
 ="displaynum(btn2.value)">[] 
 []


Overfull \hbox (111.74602pt too wide) in paragraph at lines 107--107
[]\OT1/cmtt/m/n/10 <input type=button class=button name = btn1 value =1 onclick
 ="displaynum(btn1.value)">[] 
 []

[3]
Overfull \hbox (153.74565pt too wide) in paragraph at lines 107--107
[]\OT1/cmtt/m/n/10 <input type=button class=button name = btnmul value =* oncli
ck ="displaynum(btnmul.value)"><br>[] 
 []


Overfull \hbox (111.74602pt too wide) in paragraph at lines 107--107
[]\OT1/cmtt/m/n/10 <input type=button class=button name = btn0 value =0 onclick
 ="displaynum(btn0.value)">[] 
 []


Overfull \hbox (38.24666pt too wide) in paragraph at lines 107--107
[]\OT1/cmtt/m/n/10 <input type=button class=button name = btneq value == onclic
k ="solve()">[] 
 []


Overfull \hbox (132.74583pt too wide) in paragraph at lines 107--107
[]\OT1/cmtt/m/n/10 <input type=button class=button name = btndot value =. oncli
ck ="displaynum(btndot.value)">[] 
 []


Overfull \hbox (153.74565pt too wide) in paragraph at lines 107--107
[]\OT1/cmtt/m/n/10 <input type=button class=button name = btndiv value= / oncli
ck ="displaynum(btndiv.value)"><br>[] 
 []


Overfull \hbox (122.24593pt too wide) in paragraph at lines 107--107
[]\OT1/cmtt/m/n/10 <input type=button class=button name = btnclr value= C style
="width:225" onclick ="cl()">[] 
 []

[4] (./Solutions.aux) ) 
Here is how much of TeX's memory you used:
 1595 strings out of 493648
 18388 string characters out of 6151827
 81581 words of memory out of 5000000
 5190 multiletter control sequences out of 15000+600000
 17386 words of font info for 68 fonts, out of 8000000 for 9000
 929 hyphenation exceptions out of 8191
 27i,6n,24p,222b,323s stack positions out of 5000i,500n,10000p,200000b,80000s

Output written on Solutions.dvi (4 pages, 4316 bytes).
