This is e-pTeX, Version 3.14159265-p3.7.1-161114-2.6 (sjis) (TeX Live 2017/W32TeX) (preloaded format=platex 2017.7.20)  29 JAN 2018 12:49
entering extended mode
 restricted \write18 enabled.
 %&-line parsing enabled.
**./HanLab_template.tex
(./HanLab_template.tex
pLaTeX2e <2017/05/05> (based on LaTeX2e <2017-04-15>)
Babel <3.12> and hyphenation patterns for 84 language(s) loaded.
(c:/texlive/2017/texmf-dist/tex/platex/base/jbook.cls
Document Class: jbook 2017/03/05 v1.7e Standard pLaTeX class
\c@@paper=\count82
(c:/texlive/2017/texmf-dist/tex/platex/base/jbk12.clo
File: jbk12.clo 2017/03/05 v1.7e Standard pLaTeX file (size option)
)
\c@part=\count83
\c@chapter=\count84
\c@section=\count85
\c@subsection=\count86
\c@subsubsection=\count87
\c@paragraph=\count88
\c@subparagraph=\count89
\c@figure=\count90
\c@table=\count91
\abovecaptionskip=\skip41
\belowcaptionskip=\skip42
\symmincho=\mathgroup4
LaTeX Font Info:    Overwriting symbol font `mincho' in version `bold'
(Font)                  JY1/mc/m/n --> JY1/gt/m/n on input line 706.
\toclineskip=\dimen118
\@lnumwidth=\dimen119
\bibindent=\dimen120
\heisei=\count92
)
(c:/texlive/2017/texmf-dist/tex/latex/graphics/graphicx.sty
Package: graphicx 2017/06/01 v1.1a Enhanced LaTeX Graphics (DPC,SPQR)

(c:/texlive/2017/texmf-dist/tex/latex/graphics/keyval.sty
Package: keyval 2014/10/28 v1.15 key=value parser (DPC)
\KV@toks@=\toks15
)
(c:/texlive/2017/texmf-dist/tex/latex/graphics/graphics.sty
Package: graphics 2017/06/25 v1.2c Standard LaTeX Graphics (DPC,SPQR)

(c:/texlive/2017/texmf-dist/tex/latex/graphics/trig.sty
Package: trig 2016/01/03 v1.10 sin cos tan (DPC)
)
(c:/texlive/2017/texmf-dist/tex/latex/graphics-cfg/graphics.cfg
File: graphics.cfg 2016/06/04 v1.11 sample graphics configuration
)
Package graphics Info: Driver file: dvipdfmx.def on input line 99.

(c:/texlive/2017/texmf-dist/tex/latex/graphics-def/dvipdfmx.def
File: dvipdfmx.def 2017/06/24 v5.0g Graphics/color driver for dvipdfmx
))
\Gin@req@height=\dimen121
\Gin@req@width=\dimen122
)
(c:/texlive/2017/texmf-dist/tex/latex/amsfonts/amssymb.sty
Package: amssymb 2013/01/14 v3.01 AMS font symbols

(c:/texlive/2017/texmf-dist/tex/latex/amsfonts/amsfonts.sty
Package: amsfonts 2013/01/14 v3.01 Basic AMSFonts support
\@emptytoks=\toks16
\symAMSa=\mathgroup5
\symAMSb=\mathgroup6
LaTeX Font Info:    Overwriting math alphabet `\mathfrak' in version `bold'
(Font)                  U/euf/m/n --> U/euf/b/n on input line 106.
))
(c:/texlive/2017/texmf-dist/tex/latex/amsmath/amsmath.sty
Package: amsmath 2016/11/05 v2.16a AMS math features
\@mathmargin=\skip43

For additional information on amsmath, use the `?' option.
(c:/texlive/2017/texmf-dist/tex/latex/amsmath/amstext.sty
Package: amstext 2000/06/29 v2.01 AMS text

(c:/texlive/2017/texmf-dist/tex/latex/amsmath/amsgen.sty
File: amsgen.sty 1999/11/30 v2.0 generic functions
\@emptytoks=\toks17
\ex@=\dimen123
))
(c:/texlive/2017/texmf-dist/tex/latex/amsmath/amsbsy.sty
Package: amsbsy 1999/11/29 v1.2d Bold Symbols
\pmbraise@=\dimen124
)
(c:/texlive/2017/texmf-dist/tex/latex/amsmath/amsopn.sty
Package: amsopn 2016/03/08 v2.02 operator names
)
\inf@bad=\count93
LaTeX Info: Redefining \frac on input line 213.
\uproot@=\count94
\leftroot@=\count95
LaTeX Info: Redefining \overline on input line 375.
\classnum@=\count96
\DOTSCASE@=\count97
LaTeX Info: Redefining \ldots on input line 472.
LaTeX Info: Redefining \dots on input line 475.
LaTeX Info: Redefining \cdots on input line 596.
\Mathstrutbox@=\box42
\strutbox@=\box43
\big@size=\dimen125
LaTeX Font Info:    Redeclaring font encoding OML on input line 712.
LaTeX Font Info:    Redeclaring font encoding OMS on input line 713.
\macc@depth=\count98
\c@MaxMatrixCols=\count99
\dotsspace@=\muskip10
\c@parentequation=\count100
\dspbrk@lvl=\count101
\tag@help=\toks18
\row@=\count102
\column@=\count103
\maxfields@=\count104
\andhelp@=\toks19
\eqnshift@=\dimen126
\alignsep@=\dimen127
\tagshift@=\dimen128
\tagwidth@=\dimen129
\totwidth@=\dimen130
\lineht@=\dimen131
\@envbody=\toks20
\multlinegap=\skip44
\multlinetaggap=\skip45
\mathdisplay@stack=\toks21
LaTeX Info: Redefining \[ on input line 2817.
LaTeX Info: Redefining \] on input line 2818.
)
(c:/texlive/2017/texmf-dist/tex/latex/tools/bm.sty
Package: bm 2017/01/16 v1.2c Bold Symbol Support (DPC/FMi)
\symboldoperators=\mathgroup7
\symboldletters=\mathgroup8
\symboldsymbols=\mathgroup9
\symboldmincho=\mathgroup10
LaTeX Font Info:    Redeclaring math alphabet \mathbf on input line 141.
LaTeX Info: Redefining \bm on input line 207.
)
(c:/texlive/2017/texmf-dist/tex/latex/float/float.sty
Package: float 2001/11/08 v1.3d Float enhancements (AL)
\c@float@type=\count105
\float@exts=\toks22
\float@box=\box44
\@float@everytoks=\toks23
\@floatcapt=\box45
)
\c@theorem=\count106
\c@corollary=\count107


LaTeX Warning: Unused global option(s):
    [openary].

(./HanLab_template.aux

LaTeX Warning: Label `tab1' multiply defined.

)
\openout1 = `HanLab_template.aux'.

LaTeX Font Info:    Checking defaults for OML/cmm/m/it on input line 21.
LaTeX Font Info:    ... okay on input line 21.
LaTeX Font Info:    Checking defaults for T1/cmr/m/n on input line 21.
LaTeX Font Info:    ... okay on input line 21.
LaTeX Font Info:    Checking defaults for OT1/cmr/m/n on input line 21.
LaTeX Font Info:    ... okay on input line 21.
LaTeX Font Info:    Checking defaults for OMS/cmsy/m/n on input line 21.
LaTeX Font Info:    ... okay on input line 21.
LaTeX Font Info:    Checking defaults for OMX/cmex/m/n on input line 21.
LaTeX Font Info:    ... okay on input line 21.
LaTeX Font Info:    Checking defaults for U/cmr/m/n on input line 21.
LaTeX Font Info:    ... okay on input line 21.
LaTeX Font Info:    Checking defaults for JY1/mc/m/n on input line 21.
LaTeX Font Info:    ... okay on input line 21.
LaTeX Font Info:    Checking defaults for JT1/mc/m/n on input line 21.
LaTeX Font Info:    ... okay on input line 21.
LaTeX Font Info:    Try loading font information for U+msa on input line 25.
 (c:/texlive/2017/texmf-dist/tex/latex/amsfonts/umsa.fd
File: umsa.fd 2013/01/14 v3.01 AMS symbols A
)
LaTeX Font Info:    Try loading font information for U+msb on input line 25.

(c:/texlive/2017/texmf-dist/tex/latex/amsfonts/umsb.fd
File: umsb.fd 2013/01/14 v3.01 AMS symbols B
) [1


]
LaTeX Font Info:    Font shape `JT1/mc/bx/n' in size <24.88> not available
(Font)              Font shape `JT1/gt/m/n' tried instead on input line 28.
LaTeX Font Info:    Font shape `JY1/mc/bx/n' in size <24.88> not available
(Font)              Font shape `JY1/gt/m/n' tried instead on input line 28.
 [1

]
(./HanLab_template.toc
LaTeX Font Info:    Font shape `JT1/mc/bx/n' in size <12> not available
(Font)              Font shape `JT1/gt/m/n' tried instead on input line 1.
LaTeX Font Info:    Font shape `JY1/mc/bx/n' in size <12> not available
(Font)              Font shape `JY1/gt/m/n' tried instead on input line 1.
)
\tf@toc=\write3
\openout3 = `HanLab_template.toc'.

 [2

]
ëÊ 1 èÕ
[1

]
ëÊ 2 èÕ
LaTeX Font Info:    Font shape `JT1/mc/bx/n' in size <17.28> not available
(Font)              Font shape `JT1/gt/m/n' tried instead on input line 70.
LaTeX Font Info:    Font shape `JY1/mc/bx/n' in size <17.28> not available
(Font)              Font shape `JY1/gt/m/n' tried instead on input line 70.
File: TurboEncoder.eps Graphic file (type eps)
<TurboEncoder.eps>
[2

]
File: RSCExample3.eps Graphic file (type eps)
<RSCExample3.eps>
 [3]
File: D1.eps Graphic file (type eps)
<D1.eps>
 [4]
Overfull \hbox (23.45932pt too wide) in paragraph at lines 221--221
[]\OT1/cmr/bx/n/17.28 RSC en-coders and $\OML/cmm/m/it/17.28 ^^\$\OT1/cmr/bx/n/
17.28 -seperated weight er-ror events 
 []

[5]
File: RSCExample.eps Graphic file (type eps)
<RSCExample.eps>
File: weight2m.eps Graphic file (type eps)
<weight2m.eps>


LaTeX Warning: `!h' float specifier changed to `!ht'.

[6] [7]
ëÊ 3 èÕ
LaTeX Font Info:    Font shape `JT1/mc/bx/n' in size <14.4> not available
(Font)              Font shape `JT1/gt/m/n' tried instead on input line 282.
LaTeX Font Info:    Font shape `JY1/mc/bx/n' in size <14.4> not available
(Font)              Font shape `JY1/gt/m/n' tried instead on input line 282.
LaTeX Font Info:    Try loading font information for U+euf on input line 284.
(c:/texlive/2017/texmf-dist/tex/latex/amsfonts/ueuf.fd
File: ueuf.fd 2013/01/14 v3.01 Euler Fraktur
)
File: weight2.eps Graphic file (type eps)
<weight2.eps>


LaTeX Warning: `!h' float specifier changed to `!ht'.

[8

]

LaTeX Warning: `!h' float specifier changed to `!ht'.

[9]
File: D_23_21_121_N_256.eps Graphic file (type eps)
<D_23_21_121_N_256.eps>
 [10]
File: weight4.eps Graphic file (type eps)
<weight4.eps>
File: exampleswt4.eps Graphic file (type eps)
<exampleswt4.eps>


LaTeX Warning: `!h' float specifier changed to `!ht'.


LaTeX Warning: Reference `w4bound' on page 11 undefined on input line 387.

File: D_121_N_256_sim_vs_theory.eps Graphic file (type eps)
<D_121_N_256_sim_vs_theory.eps>
[11]

LaTeX Warning: `!h' float specifier changed to `!ht'.

[12] [13]

LaTeX Font Warning: Font shape `JT1/mc/m/it' undefined
(Font)              using `JT1/mc/m/n' instead on input line 432.


LaTeX Font Warning: Font shape `JY1/mc/m/it' undefined
(Font)              using `JY1/mc/m/n' instead on input line 432.


Overfull \hbox (148.47884pt too wide) in paragraph at lines 433--442
[]\OML/cmm/m/it/12 ; \OT1/cmr/m/n/12 30\OML/cmm/m/it/12 ; \OT1/cmr/m/n/12 11\OM
L/cmm/m/it/12 ; \OT1/cmr/m/n/12 28\OML/cmm/m/it/12 ; \OT1/cmr/m/n/12 17\OML/cmm
/m/it/12 ; \OT1/cmr/m/n/12 10\OML/cmm/m/it/12 ; \OT1/cmr/m/n/12 7\OML/cmm/m/it/
12 ; \OT1/cmr/m/n/12 8\OML/cmm/m/it/12 ; \OT1/cmr/m/n/12 13\OML/cmm/m/it/12 ; \
OT1/cmr/m/n/12 22\OML/cmm/m/it/12 ; \OT1/cmr/m/n/12 3\OML/cmm/m/it/12 ; \OT1/cm
r/m/n/12 20\OML/cmm/m/it/12 ; \OT1/cmr/m/n/12 9\OML/cmm/m/it/12 ; \OT1/cmr/m/n/
12 2\OML/cmm/m/it/12 ; \OT1/cmr/m/n/12 31\OMS/cmsy/m/n/12 g$ \OT1/cmr/m/it/12 a
nd the in-ter-leaved set is $\OMS/cmsy/m/n/12 f\OT1/cmr/m/n/12 0\OML/cmm/m/it/1
2 ; \OT1/cmr/m/n/12 5\OML/cmm/m/it/12 ; \OT1/cmr/m/n/12 30\OML/cmm/m/it/12 ; \O
T1/cmr/m/n/12 27\OML/cmm/m/it/12 ; \OT1/cmr/m/n/12 12\OML/cmm/m/it/12 ; \OT1/cm
r/m/n/12 1\OML/cmm/m/it/12 ; \OT1/cmr/m/n/12 10\OML/cmm/m/it/12 ; \OT1/cmr/m/n/
12 23\OML/cmm/m/it/12 ; \OT1/cmr/m/n/12 24\OML/cmm/m/it/12 ; \OT1/cmr/m/n/12 29
\OML/cmm/m/it/12 ; \OT1/cmr/m/n/12 22\OML/cmm/m/it/12 ; \OT1/cmr/m/n/12 19\OML/
cmm/m/it/12 ; \OT1/cmr/m/n/12 4\OML/cmm/m/it/12 ; \OT1/cmr/m/n/12 25\OML/cmm/m/
it/12 ; \OT1/cmr/m/n/12 2\OML/cmm/m/it/12 ; \OT1/cmr/m/n/12 15[] 
 []


Overfull \hbox (119.71526pt too wide) in paragraph at lines 446--454
[]\OML/cmm/m/it/12 ; \OT1/cmr/m/n/12 2\OML/cmm/m/it/12 ; \OT1/cmr/m/n/12 23\OML
/cmm/m/it/12 ; \OT1/cmr/m/n/12 20\OML/cmm/m/it/12 ; \OT1/cmr/m/n/12 25\OML/cmm/
m/it/12 ; \OT1/cmr/m/n/12 6\OML/cmm/m/it/12 ; \OT1/cmr/m/n/12 27\OML/cmm/m/it/1
2 ; \OT1/cmr/m/n/12 24\OML/cmm/m/it/12 ; \OT1/cmr/m/n/12 29\OML/cmm/m/it/12 ; \
OT1/cmr/m/n/12 10\OML/cmm/m/it/12 ; \OT1/cmr/m/n/12 31\OML/cmm/m/it/12 ; \OT1/c
mr/m/n/12 28\OML/cmm/m/it/12 ; \OT1/cmr/m/n/12 1\OML/cmm/m/it/12 ; \OT1/cmr/m/n
/12 14\OML/cmm/m/it/12 ; \OT1/cmr/m/n/12 3\OMS/cmsy/m/n/12 g$ \OT1/cmr/m/it/12 
and the in-ter-leaved set is $\OMS/cmsy/m/n/12 f\OT1/cmr/m/n/12 0\OML/cmm/m/it/
12 ; \OT1/cmr/m/n/12 29\OML/cmm/m/it/12 ; \OT1/cmr/m/n/12 18\OML/cmm/m/it/12 ; 
\OT1/cmr/m/n/12 31\OML/cmm/m/it/12 ; \OT1/cmr/m/n/12 4\OML/cmm/m/it/12 ; \OT1/c
mr/m/n/12 1\OML/cmm/m/it/12 ; \OT1/cmr/m/n/12 22\OML/cmm/m/it/12 ; \OT1/cmr/m/n
/12 3\OML/cmm/m/it/12 ; \OT1/cmr/m/n/12 8\OML/cmm/m/it/12 ; \OT1/cmr/m/n/12 5\O
ML/cmm/m/it/12 ; \OT1/cmr/m/n/12 26\OML/cmm/m/it/12 ; \OT1/cmr/m/n/12 7\OML/cmm
/m/it/12 ; \OT1/cmr/m/n/12 12\OML/cmm/m/it/12 ; \OT1/cmr/m/n/12 9\OML/cmm/m/it/
12 ; \OT1/cmr/m/n/12 30[] 
 []

[14]

LaTeX Warning: No positions in optional float specifier.
               Default added (so using `tbp') on input line 481.

File: msi_D_17_s_64_N_256.eps Graphic file (type eps)
<msi_D_17_s_64_N_256.eps>
[15]
ëÊ 4 èÕ
File: myInterleaver_(comparison_256)_5_7_3.eps Graphic file (type eps)
<myInterleaver_(comparison_256)_5_7_3.eps>

LaTeX Warning: `!h' float specifier changed to `!ht'.

File: msi_linear_256_1000Frames_2.eps Graphic file (type eps)
<msi_linear_256_1000Frames_2.eps>
[16

]
File: msi_linear_1024_1000_7_5Frames.eps Graphic file (type eps)
<msi_linear_1024_1000_7_5Frames.eps>


LaTeX Warning: `!h' float specifier changed to `!ht'.

File: msi_linear_16384.eps Graphic file (type eps)
<msi_linear_16384.eps>

LaTeX Warning: `!h' float specifier changed to `!ht'.

[17] [18]
ëÊ 5 èÕ
[19

] [20

] [21

] (./HanLab_template.aux)

LaTeX Font Warning: Some font shapes were not available, defaults substituted.


LaTeX Warning: There were undefined references.


LaTeX Warning: There were multiply-defined labels.

 ) 
Here is how much of TeX's memory you used:
 1913 strings out of 493648
 22638 string characters out of 6151827
 88571 words of memory out of 5000000
 5473 multiletter control sequences out of 15000+600000
 31499 words of font info for 120 fonts, out of 8000000 for 9000
 929 hyphenation exceptions out of 8191
 27i,16n,26p,1050b,285s stack positions out of 5000i,500n,10000p,200000b,80000s

Output written on HanLab_template.dvi (24 pages, 53288 bytes).
