This is e-pTeX, Version 3.14159265-p3.6-141210-2.6 (utf8.euc) (TeX Live 2015/Debian) (preloaded format=platex 2016.11.19)  10 MAY 2017 17:55
entering extended mode
 restricted \write18 enabled.
 %&-line parsing enabled.
**MyBold.tex
(./MyBold.tex
pLaTeX2e <2006/11/10> (based on LaTeX2e <2016/02/01> patch level 0)
Babel <3.9n> and hyphenation patterns for 80 languages loaded.
)
! Emergency stop.
<*> MyBold.tex
              
*** (job aborted, no legal \end found)

 
Here is how much of TeX's memory you used:
 127 strings out of 493723
 477 string characters out of 6152569
 54251 words of memory out of 5000000
 3767 multiletter control sequences out of 15000+600000
 7511 words of font info for 31 fonts, out of 8000000 for 9000
 929 hyphenation exceptions out of 8191
 7i,0n,6p,83b,8s stack positions out of 5000i,500n,10000p,200000b,80000s
No pages of output.
