This is e-pTeX, Version 3.14159265-p3.7.1-161114-2.6 (sjis) (TeX Live 2017/W32TeX) (preloaded format=platex 2017.7.20)  17 MAY 2018 13:33
entering extended mode
 restricted \write18 enabled.
 %&-line parsing enabled.
**./AwayBus_Readme.tex
(./AwayBus_Readme.tex
pLaTeX2e <2017/05/05> (based on LaTeX2e <2017-04-15>)
Babel <3.12> and hyphenation patterns for 84 language(s) loaded.
(c:/texlive/2017/texmf-dist/tex/latex/koma-script/scrbook.cls
Document Class: scrbook 2017/04/13 v3.23 KOMA-Script document class (book)
(c:/texlive/2017/texmf-dist/tex/latex/koma-script/scrkbase.sty
Package: scrkbase 2017/04/13 v3.23 KOMA-Script package (KOMA-Script-dependent b
asics and keyval usage)

(c:/texlive/2017/texmf-dist/tex/latex/koma-script/scrbase.sty
Package: scrbase 2017/04/13 v3.23 KOMA-Script package (KOMA-Script-independent 
basics and keyval usage)

(c:/texlive/2017/texmf-dist/tex/latex/graphics/keyval.sty
Package: keyval 2014/10/28 v1.15 key=value parser (DPC)
\KV@toks@=\toks15
)
(c:/texlive/2017/texmf-dist/tex/latex/koma-script/scrlfile.sty
Package: scrlfile 2017/04/13 v3.23 KOMA-Script package (loading files)

Package scrlfile, 2017/04/13 v3.23 KOMA-Script package (loading files)
                  Copyright (C) Markus Kohm

))) (c:/texlive/2017/texmf-dist/tex/latex/koma-script/tocbasic.sty
Package: tocbasic 2017/04/13 v3.23 KOMA-Script package (handling toc-files)
\scr@dte@tocline@numberwidth=\skip41
\scr@dte@tocline@numbox=\box42
)
Package tocbasic Info: omitting babel extension for `toc'
(tocbasic)             because of feature `nobabel' available
(tocbasic)             for `toc' on input line 133.
Package tocbasic Info: omitting babel extension for `lof'
(tocbasic)             because of feature `nobabel' available
(tocbasic)             for `lof' on input line 135.
Package tocbasic Info: omitting babel extension for `lot'
(tocbasic)             because of feature `nobabel' available
(tocbasic)             for `lot' on input line 136.


LaTeX Warning: Command \@footnotemark  has changed.
               Check if current package is valid.

Package tocbasic Info: defining new hook before heading of `' on input line 160
8.
(c:/texlive/2017/texmf-dist/tex/latex/koma-script/typearea.sty
Package: typearea 2017/04/13 v3.23 KOMA-Script package (type area)
\ta@bcor=\skip42
\ta@div=\count82
\ta@hblk=\skip43
\ta@vblk=\skip44
\ta@temp=\skip45
\footheight=\skip46


Package typearea Warning: DIV for 25.0pt and used papersize
(typearea)                not defined!
(typearea)                Using DIV=1.

DIV calculation for typearea with good linewidth.

Package typearea Warning: Maybe no optimal type area settings!
(typearea)                The maximum limit of line width is about 40%
(typearea)                larger than the heuristically detected line width.
(typearea)                You may e.g. increase DIV, decrease fontsize
(typearea)                or change the papersize.

Package typearea Info: These are the values describing the layout:
(typearea)             DIV  = 11
(typearea)             BCOR = 0.0pt
(typearea)             \paperwidth      = 597.50793pt
(typearea)              \textwidth      = 434.55125pt
(typearea)              DIV departure   = 40%
(typearea)              \evensidemargin = 36.3678pt
(typearea)              \oddsidemargin  = -17.9511pt
(typearea)             \paperheight     = 845.04694pt
(typearea)              \textheight     = 624.99847pt
(typearea)              \topmargin      = -77.94731pt
(typearea)              \headheight     = 37.4999pt
(typearea)              \headsep        = 44.99988pt
(typearea)              \topskip        = 25.0pt
(typearea)              \footskip       = 104.99971pt
(typearea)              \baselineskip   = 29.99992pt
(typearea)              on input line 1647.
)
\c@part=\count83
\c@chapter=\count84
\c@section=\count85
\c@subsection=\count86
\c@subsubsection=\count87
\c@paragraph=\count88
\c@subparagraph=\count89
\scr@dte@part@maxnumwidth=\skip47
\scr@dte@chapter@maxnumwidth=\skip48
\scr@dte@section@maxnumwidth=\skip49
\scr@dte@subsection@maxnumwidth=\skip50
\scr@dte@subsubsection@maxnumwidth=\skip51
\scr@dte@paragraph@maxnumwidth=\skip52
\scr@dte@subparagraph@maxnumwidth=\skip53
LaTeX Info: Redefining \textsubscript on input line 4843.
\abovecaptionskip=\skip54
\belowcaptionskip=\skip55
\c@pti@nb@sid@b@x=\box43
\c@figure=\count90
\c@table=\count91
Class scrbook Info: Redefining `\numberline' on input line 6000.
\bibindent=\dimen118
) (c:/texlive/2017/texmf-dist/tex/latex/amsfonts/amsfonts.sty
Package: amsfonts 2013/01/14 v3.01 Basic AMSFonts support
\@emptytoks=\toks16
\symAMSa=\mathgroup4
\symAMSb=\mathgroup5
LaTeX Font Info:    Overwriting math alphabet `\mathfrak' in version `bold'
(Font)                  U/euf/m/n --> U/euf/b/n on input line 106.
)
(c:/texlive/2017/texmf-dist/tex/latex/amsfonts/amssymb.sty
Package: amssymb 2013/01/14 v3.01 AMS font symbols
)
(c:/texlive/2017/texmf-dist/tex/latex/amsmath/amsmath.sty
Package: amsmath 2016/11/05 v2.16a AMS math features
\@mathmargin=\skip56

For additional information on amsmath, use the `?' option.
(c:/texlive/2017/texmf-dist/tex/latex/amsmath/amstext.sty
Package: amstext 2000/06/29 v2.01 AMS text

(c:/texlive/2017/texmf-dist/tex/latex/amsmath/amsgen.sty
File: amsgen.sty 1999/11/30 v2.0 generic functions
\@emptytoks=\toks17
\ex@=\dimen119
))
(c:/texlive/2017/texmf-dist/tex/latex/amsmath/amsbsy.sty
Package: amsbsy 1999/11/29 v1.2d Bold Symbols
\pmbraise@=\dimen120
)
(c:/texlive/2017/texmf-dist/tex/latex/amsmath/amsopn.sty
Package: amsopn 2016/03/08 v2.02 operator names
)
\inf@bad=\count92
LaTeX Info: Redefining \frac on input line 213.
\uproot@=\count93
\leftroot@=\count94
LaTeX Info: Redefining \overline on input line 375.
\classnum@=\count95
\DOTSCASE@=\count96
LaTeX Info: Redefining \ldots on input line 472.
LaTeX Info: Redefining \dots on input line 475.
LaTeX Info: Redefining \cdots on input line 596.
\Mathstrutbox@=\box44
\strutbox@=\box45
\big@size=\dimen121
LaTeX Font Info:    Redeclaring font encoding OML on input line 712.
LaTeX Font Info:    Redeclaring font encoding OMS on input line 713.
\macc@depth=\count97
\c@MaxMatrixCols=\count98
\dotsspace@=\muskip10
\c@parentequation=\count99
\dspbrk@lvl=\count100
\tag@help=\toks18
\row@=\count101
\column@=\count102
\maxfields@=\count103
\andhelp@=\toks19
\eqnshift@=\dimen122
\alignsep@=\dimen123
\tagshift@=\dimen124
\tagwidth@=\dimen125
\totwidth@=\dimen126
\lineht@=\dimen127
\@envbody=\toks20
\multlinegap=\skip57
\multlinetaggap=\skip58
\mathdisplay@stack=\toks21
LaTeX Info: Redefining \[ on input line 2817.
LaTeX Info: Redefining \] on input line 2818.
)
(c:/texlive/2017/texmf-dist/tex/latex/tools/bm.sty
Package: bm 2017/01/16 v1.2c Bold Symbol Support (DPC/FMi)
\symboldoperators=\mathgroup6
\symboldletters=\mathgroup7
\symboldsymbols=\mathgroup8
LaTeX Font Info:    Redeclaring math alphabet \mathbf on input line 141.
LaTeX Info: Redefining \bm on input line 207.
)
(c:/texlive/2017/texmf-dist/tex/latex/graphics/graphicx.sty
Package: graphicx 2017/06/01 v1.1a Enhanced LaTeX Graphics (DPC,SPQR)

(c:/texlive/2017/texmf-dist/tex/latex/graphics/graphics.sty
Package: graphics 2017/06/25 v1.2c Standard LaTeX Graphics (DPC,SPQR)

(c:/texlive/2017/texmf-dist/tex/latex/graphics/trig.sty
Package: trig 2016/01/03 v1.10 sin cos tan (DPC)
)
(c:/texlive/2017/texmf-dist/tex/latex/graphics-cfg/graphics.cfg
File: graphics.cfg 2016/06/04 v1.11 sample graphics configuration
)
Package graphics Info: Driver file: dvipdfmx.def on input line 99.

(c:/texlive/2017/texmf-dist/tex/latex/graphics-def/dvipdfmx.def
File: dvipdfmx.def 2017/06/24 v5.0g Graphics/color driver for dvipdfmx
))
\Gin@req@height=\dimen128
\Gin@req@width=\dimen129
)
(./AwayBus_Readme.aux)
\openout1 = `AwayBus_Readme.aux'.

LaTeX Font Info:    Checking defaults for OML/cmm/m/it on input line 12.
LaTeX Font Info:    ... okay on input line 12.
LaTeX Font Info:    Checking defaults for T1/cmr/m/n on input line 12.
LaTeX Font Info:    ... okay on input line 12.
LaTeX Font Info:    Checking defaults for OT1/cmr/m/n on input line 12.
LaTeX Font Info:    ... okay on input line 12.
LaTeX Font Info:    Checking defaults for OMS/cmsy/m/n on input line 12.
LaTeX Font Info:    ... okay on input line 12.
LaTeX Font Info:    Checking defaults for OMX/cmex/m/n on input line 12.
LaTeX Font Info:    ... okay on input line 12.
LaTeX Font Info:    Checking defaults for U/cmr/m/n on input line 12.
LaTeX Font Info:    ... okay on input line 12.
LaTeX Font Info:    Checking defaults for JY1/mc/m/n on input line 12.
LaTeX Font Info:    ... okay on input line 12.
LaTeX Font Info:    Checking defaults for JT1/mc/m/n on input line 12.
LaTeX Font Info:    ... okay on input line 12.
LaTeX Font Info:    Font shape `JT1/mc/bx/n' in size <25> not available
(Font)              Font shape `JT1/gt/m/n' tried instead on input line 14.
LaTeX Font Info:    Font shape `JY1/mc/bx/n' in size <25> not available
(Font)              Font shape `JY1/gt/m/n' tried instead on input line 14.
LaTeX Font Info:    Font shape `JT1/mc/bx/n' in size <51.85013> not available
(Font)              Font shape `JT1/gt/m/n' tried instead on input line 14.
LaTeX Font Info:    Font shape `JY1/mc/bx/n' in size <51.85013> not available
(Font)              Font shape `JY1/gt/m/n' tried instead on input line 14.


LaTeX Font Warning: Font shape `OT1/cmss/bx/n' in size <51.85013> not available

(Font)              size <24.88> substituted on input line 14.


LaTeX Font Warning: Font shape `OT1/cmr/m/n' in size <36.00006> not available
(Font)              size <24.88> substituted on input line 14.

LaTeX Font Info:    Calculating math sizes for size <36.00006> on input line 14
.

LaTeX Font Warning: Font shape `OT1/cmr/m/n' in size <18.00003> not available
(Font)              size <17.28> substituted on input line 14.


LaTeX Font Warning: Font shape `OML/cmm/m/it' in size <36.00006> not available
(Font)              size <24.88> substituted on input line 14.


LaTeX Font Warning: Font shape `OML/cmm/m/it' in size <18.00003> not available
(Font)              size <17.28> substituted on input line 14.


LaTeX Font Warning: Font shape `OMS/cmsy/m/n' in size <36.00006> not available
(Font)              size <24.88> substituted on input line 14.


LaTeX Font Warning: Font shape `OMS/cmsy/m/n' in size <18.00003> not available
(Font)              size <17.28> substituted on input line 14.

LaTeX Font Info:    Try loading font information for U+msa on input line 14.
(c:/texlive/2017/texmf-dist/tex/latex/amsfonts/umsa.fd
File: umsa.fd 2013/01/14 v3.01 AMS symbols A
)
LaTeX Font Info:    Try loading font information for U+msb on input line 14.

(c:/texlive/2017/texmf-dist/tex/latex/amsfonts/umsb.fd
File: umsb.fd 2013/01/14 v3.01 AMS symbols B
)

LaTeX Font Warning: Font shape `OT1/cmr/bx/n' in size <36.00006> not available
(Font)              size <24.88> substituted on input line 14.


LaTeX Font Warning: Font shape `OT1/cmr/bx/n' in size <18.00003> not available
(Font)              size <17.28> substituted on input line 14.


LaTeX Font Warning: Font shape `OML/cmm/b/it' in size <36.00006> not available
(Font)              size <24.88> substituted on input line 14.


LaTeX Font Warning: Font shape `OML/cmm/b/it' in size <18.00003> not available
(Font)              size <17.28> substituted on input line 14.


LaTeX Font Warning: Font shape `OMS/cmsy/b/n' in size <36.00006> not available
(Font)              size <24.88> substituted on input line 14.


LaTeX Font Warning: Font shape `OMS/cmsy/b/n' in size <18.00003> not available
(Font)              size <17.28> substituted on input line 14.

[1



]
File: Screenshot_1_LI.jpg Graphic file (type bmp)
<Screenshot_1_LI.jpg>


LaTeX Font Warning: Font shape `JT1/mc/m/sl' undefined
(Font)              using `JT1/mc/m/n' instead on input line 23.


LaTeX Font Warning: Font shape `JY1/mc/m/sl' undefined
(Font)              using `JY1/mc/m/n' instead on input line 23.

[2]
File: Screenshot_2.png Graphic file (type bmp)
<Screenshot_2.png>
 [3]
File: Screenshot_3_LI.jpg Graphic file (type bmp)
<Screenshot_3_LI.jpg>

Overfull \hbox (35.54938pt too wide) in paragraph at lines 39--40
\OT1/cmr/m/n/24.88 Click to al-low in-stal-la-tion from un-known sources 
 []

[4]
File: Screenshot_4_LI.jpg Graphic file (type bmp)
<Screenshot_4_LI.jpg>
 [5]
File: Screenshot_5_LI.jpg Graphic file (type bmp)
<Screenshot_5_LI.jpg>
 [6]
File: Screenshot_7_LI.jpg Graphic file (type bmp)
<Screenshot_7_LI.jpg>
 [7]
File: Screenshot_8.png Graphic file (type bmp)
<Screenshot_8.png>

Overfull \hbox (5.30962pt too wide) in paragraph at lines 76--77
\OT1/cmr/m/n/24.88 Your email is re-quired for au-then-ti-ca-tion pur-
 []

[8]
File: Screenshot_9_LI.jpg Graphic file (type bmp)
<Screenshot_9_LI.jpg>
 [9]
File: Screenshot_11_LI.jpg Graphic file (type bmp)
<Screenshot_11_LI.jpg>
 [10]
File: Screenshot_12_LI.jpg Graphic file (type bmp)
<Screenshot_12_LI.jpg>
 [11]
File: Screenshot_13_LI.jpg Graphic file (type bmp)
<Screenshot_13_LI.jpg>
 [12]
File: Screenshot_14_LI.jpg Graphic file (type bmp)
<Screenshot_14_LI.jpg>
 [13]
File: Screenshot_15_LI.jpg Graphic file (type bmp)
<Screenshot_15_LI.jpg>

Overfull \hbox (5.10541pt too wide) in paragraph at lines 127--128
\OT1/cmr/m/n/24.88 Once com-plete, click on the ``PRE-VIEW LO-
 []

[14]
File: Screenshot_16_LI.jpg Graphic file (type bmp)
<Screenshot_16_LI.jpg>
File: Screenshot_17.png Graphic file (type bmp)
<Screenshot_17.png>
 [15] [16] (./AwayBus_Readme.aux)

LaTeX Font Warning: Size substitutions with differences
(Font)              up to 26.97012pt have occurred.


LaTeX Font Warning: Some font shapes were not available, defaults substituted.

 ) 
Here is how much of TeX's memory you used:
 3632 strings out of 493648
 59832 string characters out of 6151827
 217574 words of memory out of 5000000
 7197 multiletter control sequences out of 15000+600000
 15879 words of font info for 63 fonts, out of 8000000 for 9000
 929 hyphenation exceptions out of 8191
 41i,7n,66p,8848b,337s stack positions out of 5000i,500n,10000p,200000b,80000s

Output written on AwayBus_Readme.dvi (16 pages, 5988 bytes).
