This is pdfTeX, Version 3.14159265-2.6-1.40.18 (MiKTeX 2.9.6350) (preloaded format=pdflatex 2017.7.19)  22 DEC 2017 19:31
entering extended mode
**./ieice-it-template_conference.tex
(ieice-it-template_conference.tex
LaTeX2e <2017-04-15>
Babel <3.10> and hyphenation patterns for 75 language(s) loaded.
("C:\Users\Bohulu\AppData\Local\Programs\MiKTeX 2.9\tex\latex\base\article.cls"
Document Class: article 2014/09/29 v1.4h Standard LaTeX document class
("C:\Users\Bohulu\AppData\Local\Programs\MiKTeX 2.9\tex\latex\base\size10.clo"
File: size10.clo 2014/09/29 v1.4h Standard LaTeX file (size option)
)
\c@part=\count79
\c@section=\count80
\c@subsection=\count81
\c@subsubsection=\count82
\c@paragraph=\count83
\c@subparagraph=\count84
\c@figure=\count85
\c@table=\count86
\abovecaptionskip=\skip41
\belowcaptionskip=\skip42
\bibindent=\dimen102
) (techrep.sty
\c@@paper=\count87
\@authorlist=\toks14
\@authorcnt=\count88
\@alcnt=\count89
\p@alcnt=\count90
\@totalnumber=\count91
\authornamesep=\dimen103
\abstractbox=\box26
\keywordbox=\box27
)
("C:\Users\Bohulu\AppData\Local\Programs\MiKTeX 2.9\tex\latex\amsfonts\amsfonts
.sty"
Package: amsfonts 2013/01/14 v3.01 Basic AMSFonts support
\@emptytoks=\toks15
\symAMSa=\mathgroup4
\symAMSb=\mathgroup5
LaTeX Font Info:    Overwriting math alphabet `\mathfrak' in version `bold'
(Font)                  U/euf/m/n --> U/euf/b/n on input line 106.
)
("C:\Users\Bohulu\AppData\Local\Programs\MiKTeX 2.9\tex\latex\amsfonts\amssymb.
sty"
Package: amssymb 2013/01/14 v3.01 AMS font symbols
)
("C:\Users\Bohulu\AppData\Local\Programs\MiKTeX 2.9\tex\latex\amsfonts\eufrak.s
ty"

Package eufrak Warning: The eufrak package is redundant if the amsfonts package
 is used on input line 36.

)
("C:\Users\Bohulu\AppData\Local\Programs\MiKTeX 2.9\tex\latex\csvsimple\csvsimp
le.sty"
Package: csvsimple 2016/07/01 version 1.20 LaTeX CSV file processing

("C:\Users\Bohulu\AppData\Local\Programs\MiKTeX 2.9\tex\latex\pgf\utilities\pgf
keys.sty"
("C:\Users\Bohulu\AppData\Local\Programs\MiKTeX 2.9\tex\generic\pgf\utilities\p
gfkeys.code.tex"
\pgfkeys@pathtoks=\toks16
\pgfkeys@temptoks=\toks17

("C:\Users\Bohulu\AppData\Local\Programs\MiKTeX 2.9\tex\generic\pgf\utilities\p
gfkeysfiltered.code.tex"
\pgfkeys@tmptoks=\toks18
)))
("C:\Users\Bohulu\AppData\Local\Programs\MiKTeX 2.9\tex\latex\base\ifthen.sty"
Package: ifthen 2014/09/29 v1.1c Standard LaTeX ifthen package (DPC)
)
("C:\Users\Bohulu\AppData\Local\Programs\MiKTeX 2.9\tex\latex\etoolbox\etoolbox
.sty"
Package: etoolbox 2017/01/02 v2.4 e-TeX tools for LaTeX (JAW)
\etb@tempcnta=\count92
)
("C:\Users\Bohulu\AppData\Local\Programs\MiKTeX 2.9\tex\latex\tools\shellesc.st
y"
Package: shellesc 2016/06/07 v0.02a unified shell escape interface for LaTeX
Package shellesc Info: Restricted shell escape enabled on input line 69.
)
\csv@file=\read1
\c@csvinputline=\count93
\c@csvrow=\count94
\c@csvcol=\count95
\csv@out=\write3
)
("C:\Users\Bohulu\AppData\Local\Programs\MiKTeX 2.9\tex\latex\caption\caption.s
ty"
Package: caption 2016/02/21 v3.3-144 Customizing captions (AR)

("C:\Users\Bohulu\AppData\Local\Programs\MiKTeX 2.9\tex\latex\caption\caption3.
sty"
Package: caption3 2016/05/22 v1.7-166 caption3 kernel (AR)
Package caption3 Info: TeX engine: e-TeX on input line 67.

("C:\Users\Bohulu\AppData\Local\Programs\MiKTeX 2.9\tex\latex\graphics\keyval.s
ty"
Package: keyval 2014/10/28 v1.15 key=value parser (DPC)
\KV@toks@=\toks19
)
\captionmargin=\dimen104
\captionmargin@=\dimen105
\captionwidth=\dimen106
\caption@tempdima=\dimen107
\caption@indent=\dimen108
\caption@parindent=\dimen109
\caption@hangindent=\dimen110
)
\c@ContinuedFloat=\count96
)
("C:\Users\Bohulu\AppData\Local\Programs\MiKTeX 2.9\tex\latex\tools\longtable.s
ty"
Package: longtable 2014/10/28 v4.11 Multi-page Table package (DPC)
\LTleft=\skip43
\LTright=\skip44
\LTpre=\skip45
\LTpost=\skip46
\LTchunksize=\count97
\LTcapwidth=\dimen111
\LT@head=\box28
\LT@firsthead=\box29
\LT@foot=\box30
\LT@lastfoot=\box31
\LT@cols=\count98
\LT@rows=\count99
\c@LT@tables=\count100
\c@LT@chunks=\count101
\LT@p@ftn=\toks20
)
("C:\Users\Bohulu\AppData\Local\Programs\MiKTeX 2.9\tex\latex\amsmath\amsmath.s
ty"
Package: amsmath 2016/11/05 v2.16a AMS math features
\@mathmargin=\skip47

For additional information on amsmath, use the `?' option.

("C:\Users\Bohulu\AppData\Local\Programs\MiKTeX 2.9\tex\latex\amsmath\amstext.s
ty"
Package: amstext 2000/06/29 v2.01 AMS text

("C:\Users\Bohulu\AppData\Local\Programs\MiKTeX 2.9\tex\latex\amsmath\amsgen.st
y"
File: amsgen.sty 1999/11/30 v2.0 generic functions
\@emptytoks=\toks21
\ex@=\dimen112
))
("C:\Users\Bohulu\AppData\Local\Programs\MiKTeX 2.9\tex\latex\amsmath\amsbsy.st
y"
Package: amsbsy 1999/11/29 v1.2d Bold Symbols
\pmbraise@=\dimen113
)
("C:\Users\Bohulu\AppData\Local\Programs\MiKTeX 2.9\tex\latex\amsmath\amsopn.st
y"
Package: amsopn 2016/03/08 v2.02 operator names
)
\inf@bad=\count102
LaTeX Info: Redefining \frac on input line 213.
\uproot@=\count103
\leftroot@=\count104
LaTeX Info: Redefining \overline on input line 375.
\classnum@=\count105
\DOTSCASE@=\count106
LaTeX Info: Redefining \ldots on input line 472.
LaTeX Info: Redefining \dots on input line 475.
LaTeX Info: Redefining \cdots on input line 596.
\Mathstrutbox@=\box32
\strutbox@=\box33
\big@size=\dimen114
LaTeX Font Info:    Redeclaring font encoding OML on input line 712.
LaTeX Font Info:    Redeclaring font encoding OMS on input line 713.
\macc@depth=\count107
\c@MaxMatrixCols=\count108
\dotsspace@=\muskip10
\c@parentequation=\count109
\dspbrk@lvl=\count110
\tag@help=\toks22
\row@=\count111
\column@=\count112
\maxfields@=\count113
\andhelp@=\toks23
\eqnshift@=\dimen115
\alignsep@=\dimen116
\tagshift@=\dimen117
\tagwidth@=\dimen118
\totwidth@=\dimen119
\lineht@=\dimen120
\@envbody=\toks24
\multlinegap=\skip48
\multlinetaggap=\skip49
\mathdisplay@stack=\toks25
LaTeX Info: Redefining \[ on input line 2817.
LaTeX Info: Redefining \] on input line 2818.
) ("C:\Users\Bohulu\AppData\Local\Programs\MiKTeX 2.9\tex\latex\tools\bm.sty"
Package: bm 2017/01/16 v1.2c Bold Symbol Support (DPC/FMi)
\symboldoperators=\mathgroup6
\symboldletters=\mathgroup7
\symboldsymbols=\mathgroup8
LaTeX Font Info:    Redeclaring math alphabet \mathbf on input line 141.
LaTeX Info: Redefining \bm on input line 207.
)
("C:\Users\Bohulu\AppData\Local\Programs\MiKTeX 2.9\tex\latex\graphics\graphicx
.sty"
Package: graphicx 2014/10/28 v1.0g Enhanced LaTeX Graphics (DPC,SPQR)

("C:\Users\Bohulu\AppData\Local\Programs\MiKTeX 2.9\tex\latex\graphics\graphics
.sty"
Package: graphics 2017/04/14 v1.1b Standard LaTeX Graphics (DPC,SPQR)

("C:\Users\Bohulu\AppData\Local\Programs\MiKTeX 2.9\tex\latex\graphics\trig.sty
"
Package: trig 2016/01/03 v1.10 sin cos tan (DPC)
)
("C:\Users\Bohulu\AppData\Local\Programs\MiKTeX 2.9\tex\latex\graphics-cfg\grap
hics.cfg"
File: graphics.cfg 2016/06/04 v1.11 sample graphics configuration
)
Package graphics Info: Driver file: pdftex.def on input line 99.

("C:\Users\Bohulu\AppData\Local\Programs\MiKTeX 2.9\tex\latex\graphics-def\pdft
ex.def"
File: pdftex.def 2017/01/12 v0.06k Graphics/color for pdfTeX

("C:\Users\Bohulu\AppData\Local\Programs\MiKTeX 2.9\tex\generic\oberdiek\infwar
err.sty"
Package: infwarerr 2016/05/16 v1.4 Providing info/warning/error messages (HO)
)
("C:\Users\Bohulu\AppData\Local\Programs\MiKTeX 2.9\tex\generic\oberdiek\ltxcmd
s.sty"
Package: ltxcmds 2016/05/16 v1.23 LaTeX kernel commands for general use (HO)
)
\Gread@gobject=\count114
))
\Gin@req@height=\dimen121
\Gin@req@width=\dimen122
)
\c@theorem=\count115
\c@corollary=\count116
 (ieice-it-template_conference.aux)
\openout1 = `ieice-it-template_conference.aux'.

LaTeX Font Info:    Checking defaults for OML/cmm/m/it on input line 45.
LaTeX Font Info:    ... okay on input line 45.
LaTeX Font Info:    Checking defaults for T1/cmr/m/n on input line 45.
LaTeX Font Info:    ... okay on input line 45.
LaTeX Font Info:    Checking defaults for OT1/cmr/m/n on input line 45.
LaTeX Font Info:    ... okay on input line 45.
LaTeX Font Info:    Checking defaults for OMS/cmsy/m/n on input line 45.
LaTeX Font Info:    ... okay on input line 45.
LaTeX Font Info:    Checking defaults for OMX/cmex/m/n on input line 45.
LaTeX Font Info:    ... okay on input line 45.
LaTeX Font Info:    Checking defaults for U/cmr/m/n on input line 45.
LaTeX Font Info:    ... okay on input line 45.
Package caption Info: Begin \AtBeginDocument code.
Package caption Info: longtable package is loaded.

("C:\Users\Bohulu\AppData\Local\Programs\MiKTeX 2.9\tex\latex\caption\ltcaption
.sty"
Package: ltcaption 2013/06/09 v1.4-94 longtable captions (AR)
)
Package caption Info: End \AtBeginDocument code.

("C:\Users\Bohulu\AppData\Local\Programs\MiKTeX 2.9\tex\context\base\supp-pdf.m
kii"
[Loading MPS to PDF converter (version 2006.09.02).]
\scratchcounter=\count117
\scratchdimen=\dimen123
\scratchbox=\box34
\nofMPsegments=\count118
\nofMParguments=\count119
\everyMPshowfont=\toks26
\MPscratchCnt=\count120
\MPscratchDim=\dimen124
\MPnumerator=\count121
\makeMPintoPDFobject=\count122
\everyMPtoPDFconversion=\toks27
)
("C:\Users\Bohulu\AppData\Local\Programs\MiKTeX 2.9\tex\generic\oberdiek\pdftex
cmds.sty"
Package: pdftexcmds 2017/03/19 v0.25 Utility functions of pdfTeX for LuaTeX (HO
)

("C:\Users\Bohulu\AppData\Local\Programs\MiKTeX 2.9\tex\generic\oberdiek\ifluat
ex.sty"
Package: ifluatex 2016/05/16 v1.4 Provides the ifluatex switch (HO)
Package ifluatex Info: LuaTeX not detected.
)
("C:\Users\Bohulu\AppData\Local\Programs\MiKTeX 2.9\tex\generic\oberdiek\ifpdf.
sty"
Package: ifpdf 2017/03/15 v3.2 Provides the ifpdf switch
)
Package pdftexcmds Info: LuaTeX not detected.
Package pdftexcmds Info: \pdf@primitive is available.
Package pdftexcmds Info: \pdf@ifprimitive is available.
Package pdftexcmds Info: \pdfdraftmode found.
)
("C:\Users\Bohulu\AppData\Local\Programs\MiKTeX 2.9\tex\latex\oberdiek\epstopdf
-base.sty"
Package: epstopdf-base 2016/05/15 v2.6 Base part for package epstopdf

("C:\Users\Bohulu\AppData\Local\Programs\MiKTeX 2.9\tex\latex\oberdiek\grfext.s
ty"
Package: grfext 2016/05/16 v1.2 Manage graphics extensions (HO)

("C:\Users\Bohulu\AppData\Local\Programs\MiKTeX 2.9\tex\generic\oberdiek\kvdefi
nekeys.sty"
Package: kvdefinekeys 2016/05/16 v1.4 Define keys (HO)
))
("C:\Users\Bohulu\AppData\Local\Programs\MiKTeX 2.9\tex\latex\oberdiek\kvoption
s.sty"
Package: kvoptions 2016/05/16 v3.12 Key value format for package options (HO)

("C:\Users\Bohulu\AppData\Local\Programs\MiKTeX 2.9\tex\generic\oberdiek\kvsetk
eys.sty"
Package: kvsetkeys 2016/05/16 v1.17 Key value parser (HO)

("C:\Users\Bohulu\AppData\Local\Programs\MiKTeX 2.9\tex\generic\oberdiek\etexcm
ds.sty"
Package: etexcmds 2016/05/16 v1.6 Avoid name clashes with e-TeX commands (HO)
Package etexcmds Info: Could not find \expanded.
(etexcmds)             That can mean that you are not using pdfTeX 1.50 or
(etexcmds)             that some package has redefined \expanded.
(etexcmds)             In the latter case, load this package earlier.
)))
Package epstopdf-base Info: Redefining graphics rule for `.eps' on input line 4
38.
Package grfext Info: Graphics extension search list:
(grfext)             [.png,.pdf,.jpg,.mps,.jpeg,.jbig2,.jb2,.PNG,.PDF,.JPG,.JPE
G,.JBIG2,.JB2,.eps]
(grfext)             \AppendGraphicsExtensions on input line 456.
)
LaTeX Font Info:    Try loading font information for U+msa on input line 57.

("C:\Users\Bohulu\AppData\Local\Programs\MiKTeX 2.9\tex\latex\amsfonts\umsa.fd"
File: umsa.fd 2013/01/14 v3.01 AMS symbols A
)
LaTeX Font Info:    Try loading font information for U+msb on input line 57.
 ("C:\Users\Bohulu\AppData\Local\Programs\MiKTeX 2.9\tex\latex\amsfonts\umsb.fd
"
File: umsb.fd 2013/01/14 v3.01 AMS symbols B
)
LaTeX Font Info:    Try loading font information for U+euf on input line 89.

("C:\Users\Bohulu\AppData\Local\Programs\MiKTeX 2.9\tex\latex\amsfonts\ueuf.fd"
File: ueuf.fd 2013/01/14 v3.01 Euler Fraktur
) <TurboEncoder.pdf, id=1, 1897.0875pt x 834.11626pt>
File: TurboEncoder.pdf Graphic file (type pdf)
 <use TurboEncoder.pdf>
Package pdftex.def Info: TurboEncoder.pdf used on input line 110.
(pdftex.def)             Requested size: 256.0748pt x 112.5881pt.

Overfull \hbox (14.22638pt too wide) in paragraph at lines 110--111
 [][] 
 []

[1{C:/Users/Bohulu/AppData/Local/MiKTeX/2.9/pdftex/config/pdftex.map}


 <./TurboEncoder.pdf>] <RSCExample3.pdf, id=33, 1912.14375pt x 1029.8475pt>
File: RSCExample3.pdf Graphic file (type pdf)

<use RSCExample3.pdf>
Package pdftex.def Info: RSCExample3.pdf used on input line 132.
(pdftex.def)             Requested size: 230.46574pt x 124.11064pt.
 <D1.pdf, id=34, 844.65562pt x 596.98032pt>
File: D1.pdf Graphic file (type pdf)
 <use D1.pdf>
Package pdftex.def Info: D1.pdf used on input line 178.
(pdftex.def)             Requested size: 230.46574pt x 162.88113pt.

Overfull \hbox (84.9045pt too wide) in paragraph at lines 206--206
[] 
 []


Overfull \hbox (72.6055pt too wide) detected at line 228
\OML/cmm/m/it/10 L\OT1/cmr/m/n/10 (\OML/cmm/m/it/10 x[]\OT1/cmr/m/n/10 ) = [][\
OML/cmm/m/it/10 []\OT1/cmr/m/n/10 (\OML/cmm/m/it/10 []\OT1/cmr/m/n/10 ) + \OM
L/cmm/m/it/10 []\OT1/cmr/m/n/10 (\OML/cmm/m/it/10 []; \OT1/cmr/m/n/10 ) + \O
ML/cmm/m/it/10 []\OT1/cmr/m/n/10 (\OML/cmm/m/it/10 \OT1/cmr/m/n/10 )] \OMS/cm
sy/m/n/10   []\OT1/cmr/m/n/10 [\OML/cmm/m/it/10 []\OT1/cmr/m/n/10 (\OML/cmm/m/
it/10 []\OT1/cmr/m/n/10 ) + \OML/cmm/m/it/10 []\OT1/cmr/m/n/10 (\OML/cmm/m/it
/10 []; \OT1/cmr/m/n/10 ) + \OML/cmm/m/it/10 []\OT1/cmr/m/n/10 (\OML/cmm/m/i
t/10 \OT1/cmr/m/n/10 )]
 []

Missing character: There is no „ in font cmr10!
Missing character: There is no Ä in font cmr10!
Missing character: There is no Å in font cmr10!
[2 <./RSCExample3.pdf> <./D1.pdf>]
<RSCExample.pdf, id=88, 2273.49374pt x 632.3625pt>
File: RSCExample.pdf Graphic file (type pdf)
 <use RSCExample.pdf>
Package pdftex.def Info: RSCExample.pdf used on input line 286.
(pdftex.def)             Requested size: 230.46574pt x 64.09871pt.

[3 <./RSCExample.pdf>]
<D_31_N_1024_sim_VS_theory.pdf, id=117, 597.23125pt x 845.1575pt>
File: D_31_N_1024_sim_VS_theory.pdf Graphic file (type pdf)

<use D_31_N_1024_sim_VS_theory.pdf>
Package pdftex.def Info: D_31_N_1024_sim_VS_theory.pdf used on input line 374.
(pdftex.def)             Requested size: 253.30504pt x 199.16928pt.

Overfull \hbox (11.45662pt too wide) in paragraph at lines 374--375
 [][] 
 []


Underfull \hbox (badness 5245) in paragraph at lines 402--403
[]\OT1/cmr/m/n/10 2. $\OML/cmm/m/it/10 p[] \OT1/cmr/m/n/10 = \OML/cmm/m/it/10 p
[] \OT1/cmr/m/n/10 + \OML/cmm/m/it/10 d[]  N;      \OT1/cmr/m/n/10 0 \OML/cmm/m
/it/10 < i <
 []


Underfull \hbox (badness 3735) in paragraph at lines 405--407
[]\OT1/cmr/m/n/10 Keeping d con-stant along with the fact that
 []


Underfull \hbox (badness 4303) in paragraph at lines 427--428
[]\OT1/cmr/m/n/10 2a. $\OML/cmm/m/it/10 p[] \OT1/cmr/m/n/10 = \OML/cmm/m/it/10 
p[] \OT1/cmr/m/n/10 + \OML/cmm/m/it/10 d[]  N;      \OT1/cmr/m/n/10 0 \OML/cmm/
m/it/10 < i <
 []


Underfull \hbox (badness 2393) in paragraph at lines 434--440
[]\OT1/cmr/m/it/10 : For $\OML/cmm/m/it/10 N \OT1/cmr/m/n/10 = 32$\OT1/cmr/m/it
/10 , the orig-i-nal set
 []


Underfull \hbox (badness 2884) in paragraph at lines 434--440
\OMS/cmsy/m/n/10 f\OT1/cmr/m/n/10 2\OML/cmm/m/it/10 ; \OT1/cmr/m/n/10 4\OML/cmm
/m/it/10 ; \OT1/cmr/m/n/10 8\OML/cmm/m/it/10 ; \OT1/cmr/m/n/10 16\OMS/cmsy/m/n/
10 g$\OT1/cmr/m/it/10 . If we set the value of $\OT1/cmr/m/n/10 \OML/cmm/m/it/
10 s \OT1/cmr/m/n/10 = 4$
 []


Underfull \hbox (badness 1400) in paragraph at lines 434--440
\OT1/cmr/m/it/10 and the ini-tial value of $\OML/cmm/m/it/10 d \OT1/cmr/m/n/10 
= 5$\OT1/cmr/m/it/10 . The cy-cle set
 []


Underfull \hbox (badness 2393) in paragraph at lines 444--450
[]\OT1/cmr/m/it/10 : For $\OML/cmm/m/it/10 N \OT1/cmr/m/n/10 = 32$\OT1/cmr/m/it
/10 , the orig-i-nal set
 []


Underfull \hbox (badness 1194) in paragraph at lines 444--450
\OT1/cmr/m/it/10 is $\OT1/cmr/m/n/10 [0\OML/cmm/m/it/10 ; \OT1/cmr/m/n/10 1\OML
/cmm/m/it/10 ; \OT1/cmr/m/n/10 2\OML/cmm/m/it/10 ; :::; \OT1/cmr/m/n/10 31]$\OT
1/cmr/m/it/10 . The range of val-ues for $\OT1/cmr/m/n/10 \OML/cmm/m/it/10 s \
OT1/cmr/m/n/10 =
 []


Underfull \hbox (badness 2884) in paragraph at lines 444--450
\OMS/cmsy/m/n/10 f\OT1/cmr/m/n/10 2\OML/cmm/m/it/10 ; \OT1/cmr/m/n/10 4\OML/cmm
/m/it/10 ; \OT1/cmr/m/n/10 8\OML/cmm/m/it/10 ; \OT1/cmr/m/n/10 16\OMS/cmsy/m/n/
10 g$\OT1/cmr/m/it/10 . If we set the value of $\OT1/cmr/m/n/10 \OML/cmm/m/it/
10 s \OT1/cmr/m/n/10 = 8$
 []


Underfull \hbox (badness 5622) in paragraph at lines 444--450
\OT1/cmr/m/it/10 and the ini-tial value of $\OML/cmm/m/it/10 d \OT1/cmr/m/n/10 
= 5$\OT1/cmr/m/it/10 . The cy-
 []


Underfull \hbox (badness 1394) in paragraph at lines 444--450
\OT1/cmr/m/it/10 cle set is $\OMS/cmsy/m/n/10 f\OT1/cmr/m/n/10 5\OML/cmm/m/it/1
0 ; \OT1/cmr/m/n/10 13\OML/cmm/m/it/10 ; \OT1/cmr/m/n/10 21\OML/cmm/m/it/10 ; \
OT1/cmr/m/n/10 29\OMS/cmsy/m/n/10 g$ \OT1/cmr/m/it/10 and the in-ter-leaved set
 is
 []

[4 <./D_31_N_1024_sim_VS_theory.pdf>]
<myInterleaver_(comparison_256)_5_7_2.pdf, id=130, 597.23125pt x 845.1575pt>
File: myInterleaver_(comparison_256)_5_7_2.pdf Graphic file (type pdf)

<use myInterleaver_(comparison_256)_5_7_2.pdf>
Package pdftex.def Info: myInterleaver_(comparison_256)_5_7_2.pdf used on input
 line 513.
(pdftex.def)             Requested size: 235.21571pt x 184.9429pt.


LaTeX Warning: `!h' float specifier changed to `!ht'.

<msi_linear_256_1000Frames_2.pdf, id=132, 597.23125pt x 845.1575pt>
File: msi_linear_256_1000Frames_2.pdf Graphic file (type pdf)

<use msi_linear_256_1000Frames_2.pdf>
Package pdftex.def Info: msi_linear_256_1000Frames_2.pdf used on input line 527
.
(pdftex.def)             Requested size: 235.21571pt x 184.9429pt.


LaTeX Warning: `!h' float specifier changed to `!ht'.

<msi_linear_1024_1000_7_5Frames.pdf, id=134, 597.23125pt x 845.1575pt>
File: msi_linear_1024_1000_7_5Frames.pdf Graphic file (type pdf)

<use msi_linear_1024_1000_7_5Frames.pdf>
Package pdftex.def Info: msi_linear_1024_1000_7_5Frames.pdf used on input line 
534.
(pdftex.def)             Requested size: 235.21571pt x 184.9429pt.


LaTeX Warning: `!h' float specifier changed to `!ht'.

[5 <./myInterleaver_(comparison_256)_5_7_2.pdf> <./msi_linear_256_1000Frames_2.
pdf> <./msi_linear_1024_1000_7_5Frames.pdf>]
<msi_linear_16384.pdf, id=154, 597.23125pt x 845.1575pt>
File: msi_linear_16384.pdf Graphic file (type pdf)

<use msi_linear_16384.pdf>
Package pdftex.def Info: msi_linear_16384.pdf used on input line 564.
(pdftex.def)             Requested size: 235.21571pt x 184.9429pt.
Missing character: There is no ‚ in font cmr10!
Missing character: There is no Ä in font cmr10!
Missing character: There is no ú in font cmr10!
Missing character: There is no ‚ in font cmr10!
Missing character: There is no Ä in font cmr10!
Missing character: There is no ù in font cmr10!
Missing character: There is no ‚ in font cmr10!
Missing character: There is no Ä in font cmr10!
Missing character: There is no ì in font cmr10!
 [6 <./msi_linear_16384.pdf>]
(ieice-it-template_conference.aux) ) 
Here is how much of TeX's memory you used:
 5060 strings out of 493323
 85848 string characters out of 3139063
 151661 words of memory out of 3000000
 8495 multiletter control sequences out of 15000+200000
 18166 words of font info for 67 fonts, out of 3000000 for 9000
 1141 hyphenation exceptions out of 8191
 40i,16n,46p,816b,270s stack positions out of 5000i,500n,10000p,200000b,50000s
<C:/Users/Bohulu/AppData/Local/Programs/MiK
TeX 2.9/fonts/type1/public/amsfonts/cm/cmbx10.pfb><C:/Users/Bohulu/AppData/Loca
l/Programs/MiKTeX 2.9/fonts/type1/public/amsfonts/cm/cmbx12.pfb><C:/Users/Bohul
u/AppData/Local/Programs/MiKTeX 2.9/fonts/type1/public/amsfonts/cm/cmbx7.pfb><C
:/Users/Bohulu/AppData/Local/Programs/MiKTeX 2.9/fonts/type1/public/amsfonts/cm
/cmex10.pfb><C:/Users/Bohulu/AppData/Local/Programs/MiKTeX 2.9/fonts/type1/publ
ic/amsfonts/cm/cmmi10.pfb><C:/Users/Bohulu/AppData/Local/Programs/MiKTeX 2.9/fo
nts/type1/public/amsfonts/cm/cmmi5.pfb><C:/Users/Bohulu/AppData/Local/Programs/
MiKTeX 2.9/fonts/type1/public/amsfonts/cm/cmmi7.pfb><C:/Users/Bohulu/AppData/Lo
cal/Programs/MiKTeX 2.9/fonts/type1/public/amsfonts/cm/cmr10.pfb><C:/Users/Bohu
lu/AppData/Local/Programs/MiKTeX 2.9/fonts/type1/public/amsfonts/cm/cmr12.pfb><
C:/Users/Bohulu/AppData/Local/Programs/MiKTeX 2.9/fonts/type1/public/amsfonts/c
m/cmr17.pfb><C:/Users/Bohulu/AppData/Local/Programs/MiKTeX 2.9/fonts/type1/publ
ic/amsfonts/cm/cmr5.pfb><C:/Users/Bohulu/AppData/Local/Programs/MiKTeX 2.9/font
s/type1/public/amsfonts/cm/cmr7.pfb><C:/Users/Bohulu/AppData/Local/Programs/MiK
TeX 2.9/fonts/type1/public/amsfonts/cm/cmsy10.pfb><C:/Users/Bohulu/AppData/Loca
l/Programs/MiKTeX 2.9/fonts/type1/public/amsfonts/cm/cmsy5.pfb><C:/Users/Bohulu
/AppData/Local/Programs/MiKTeX 2.9/fonts/type1/public/amsfonts/cm/cmsy7.pfb><C:
/Users/Bohulu/AppData/Local/Programs/MiKTeX 2.9/fonts/type1/public/amsfonts/cm/
cmsy8.pfb><C:/Users/Bohulu/AppData/Local/Programs/MiKTeX 2.9/fonts/type1/public
/amsfonts/cm/cmti10.pfb><C:/Users/Bohulu/AppData/Local/Programs/MiKTeX 2.9/font
s/type1/public/amsfonts/cm/cmti7.pfb><C:/Users/Bohulu/AppData/Local/Programs/Mi
KTeX 2.9/fonts/type1/public/amsfonts/euler/eufm7.pfb><C:/Users/Bohulu/AppData/L
ocal/Programs/MiKTeX 2.9/fonts/type1/public/amsfonts/symbols/msam10.pfb>
Output written on ieice-it-template_conference.pdf (6 pages, 344064 bytes).
PDF statistics:
 224 PDF objects out of 1000 (max. 8388607)
 0 named destinations out of 1000 (max. 500000)
 76 words of extra memory for PDF output out of 10000 (max. 10000000)

