This is pdfTeX, Version 3.14159265-2.6-1.40.18 (TeX Live 2017/W32TeX) (preloaded format=pdflatex 2017.7.20)  27 JUN 2019 01:49
entering extended mode
 restricted \write18 enabled.
 %&-line parsing enabled.
**./IWSDA_conference.tex
(./IWSDA_conference.tex
LaTeX2e <2017-04-15>
Babel <3.12> and hyphenation patterns for 84 language(s) loaded.
(c:/texlive/2017/texmf-dist/tex/latex/base/article.cls
Document Class: article 2014/09/29 v1.4h Standard LaTeX document class
(c:/texlive/2017/texmf-dist/tex/latex/base/size10.clo
File: size10.clo 2014/09/29 v1.4h Standard LaTeX file (size option)
)
\c@part=\count79
\c@section=\count80
\c@subsection=\count81
\c@subsubsection=\count82
\c@paragraph=\count83
\c@subparagraph=\count84
\c@figure=\count85
\c@table=\count86
\abovecaptionskip=\skip41
\belowcaptionskip=\skip42
\bibindent=\dimen102
) (./techrep.sty
\c@@paper=\count87
\@authorlist=\toks14
\@authorcnt=\count88
\@alcnt=\count89
\p@alcnt=\count90
\@totalnumber=\count91
\authornamesep=\dimen103
\abstractbox=\box26
\keywordbox=\box27
)
(c:/texlive/2017/texmf-dist/tex/latex/amsfonts/amsfonts.sty
Package: amsfonts 2013/01/14 v3.01 Basic AMSFonts support
\@emptytoks=\toks15
\symAMSa=\mathgroup4
\symAMSb=\mathgroup5
LaTeX Font Info:    Overwriting math alphabet `\mathfrak' in version `bold'
(Font)                  U/euf/m/n --> U/euf/b/n on input line 106.
)
(c:/texlive/2017/texmf-dist/tex/latex/amsfonts/amssymb.sty
Package: amssymb 2013/01/14 v3.01 AMS font symbols
)
(c:/texlive/2017/texmf-dist/tex/latex/amsfonts/eufrak.sty

Package eufrak Warning: The eufrak package is redundant if the amsfonts package
 is used on input line 36.

) (c:/texlive/2017/texmf-dist/tex/latex/csvsimple/csvsimple.sty
Package: csvsimple 2016/07/01 version 1.20 LaTeX CSV file processing

(c:/texlive/2017/texmf-dist/tex/latex/pgf/utilities/pgfkeys.sty
(c:/texlive/2017/texmf-dist/tex/generic/pgf/utilities/pgfkeys.code.tex
\pgfkeys@pathtoks=\toks16
\pgfkeys@temptoks=\toks17

(c:/texlive/2017/texmf-dist/tex/generic/pgf/utilities/pgfkeysfiltered.code.tex
\pgfkeys@tmptoks=\toks18
))) (c:/texlive/2017/texmf-dist/tex/latex/base/ifthen.sty
Package: ifthen 2014/09/29 v1.1c Standard LaTeX ifthen package (DPC)
)
(c:/texlive/2017/texmf-dist/tex/latex/etoolbox/etoolbox.sty
Package: etoolbox 2017/01/02 v2.4 e-TeX tools for LaTeX (JAW)
\etb@tempcnta=\count92
)
(c:/texlive/2017/texmf-dist/tex/latex/tools/shellesc.sty
Package: shellesc 2016/06/07 v0.02a unified shell escape interface for LaTeX
Package shellesc Info: Restricted shell escape enabled on input line 69.
)
\csv@file=\read1
\c@csvinputline=\count93
\c@csvrow=\count94
\c@csvcol=\count95
\csv@out=\write3
)
(c:/texlive/2017/texmf-dist/tex/latex/caption/caption.sty
Package: caption 2016/02/21 v3.3-144 Customizing captions (AR)

(c:/texlive/2017/texmf-dist/tex/latex/caption/caption3.sty
Package: caption3 2016/05/22 v1.7-166 caption3 kernel (AR)
Package caption3 Info: TeX engine: e-TeX on input line 67.

(c:/texlive/2017/texmf-dist/tex/latex/graphics/keyval.sty
Package: keyval 2014/10/28 v1.15 key=value parser (DPC)
\KV@toks@=\toks19
)
\captionmargin=\dimen104
\captionmargin@=\dimen105
\captionwidth=\dimen106
\caption@tempdima=\dimen107
\caption@indent=\dimen108
\caption@parindent=\dimen109
\caption@hangindent=\dimen110
)
\c@ContinuedFloat=\count96
)
(c:/texlive/2017/texmf-dist/tex/latex/tools/longtable.sty
Package: longtable 2014/10/28 v4.11 Multi-page Table package (DPC)
\LTleft=\skip43
\LTright=\skip44
\LTpre=\skip45
\LTpost=\skip46
\LTchunksize=\count97
\LTcapwidth=\dimen111
\LT@head=\box28
\LT@firsthead=\box29
\LT@foot=\box30
\LT@lastfoot=\box31
\LT@cols=\count98
\LT@rows=\count99
\c@LT@tables=\count100
\c@LT@chunks=\count101
\LT@p@ftn=\toks20
)
(c:/texlive/2017/texmf-dist/tex/latex/amsmath/amsmath.sty
Package: amsmath 2016/11/05 v2.16a AMS math features
\@mathmargin=\skip47

For additional information on amsmath, use the `?' option.
(c:/texlive/2017/texmf-dist/tex/latex/amsmath/amstext.sty
Package: amstext 2000/06/29 v2.01 AMS text

(c:/texlive/2017/texmf-dist/tex/latex/amsmath/amsgen.sty
File: amsgen.sty 1999/11/30 v2.0 generic functions
\@emptytoks=\toks21
\ex@=\dimen112
))
(c:/texlive/2017/texmf-dist/tex/latex/amsmath/amsbsy.sty
Package: amsbsy 1999/11/29 v1.2d Bold Symbols
\pmbraise@=\dimen113
)
(c:/texlive/2017/texmf-dist/tex/latex/amsmath/amsopn.sty
Package: amsopn 2016/03/08 v2.02 operator names
)
\inf@bad=\count102
LaTeX Info: Redefining \frac on input line 213.
\uproot@=\count103
\leftroot@=\count104
LaTeX Info: Redefining \overline on input line 375.
\classnum@=\count105
\DOTSCASE@=\count106
LaTeX Info: Redefining \ldots on input line 472.
LaTeX Info: Redefining \dots on input line 475.
LaTeX Info: Redefining \cdots on input line 596.
\Mathstrutbox@=\box32
\strutbox@=\box33
\big@size=\dimen114
LaTeX Font Info:    Redeclaring font encoding OML on input line 712.
LaTeX Font Info:    Redeclaring font encoding OMS on input line 713.
\macc@depth=\count107
\c@MaxMatrixCols=\count108
\dotsspace@=\muskip10
\c@parentequation=\count109
\dspbrk@lvl=\count110
\tag@help=\toks22
\row@=\count111
\column@=\count112
\maxfields@=\count113
\andhelp@=\toks23
\eqnshift@=\dimen115
\alignsep@=\dimen116
\tagshift@=\dimen117
\tagwidth@=\dimen118
\totwidth@=\dimen119
\lineht@=\dimen120
\@envbody=\toks24
\multlinegap=\skip48
\multlinetaggap=\skip49
\mathdisplay@stack=\toks25
LaTeX Info: Redefining \[ on input line 2817.
LaTeX Info: Redefining \] on input line 2818.
)
(c:/texlive/2017/texmf-dist/tex/latex/tools/bm.sty
Package: bm 2017/01/16 v1.2c Bold Symbol Support (DPC/FMi)
\symboldoperators=\mathgroup6
\symboldletters=\mathgroup7
\symboldsymbols=\mathgroup8
LaTeX Font Info:    Redeclaring math alphabet \mathbf on input line 141.
LaTeX Info: Redefining \bm on input line 207.
)
(c:/texlive/2017/texmf-dist/tex/latex/graphics/graphicx.sty
Package: graphicx 2017/06/01 v1.1a Enhanced LaTeX Graphics (DPC,SPQR)

(c:/texlive/2017/texmf-dist/tex/latex/graphics/graphics.sty
Package: graphics 2017/06/25 v1.2c Standard LaTeX Graphics (DPC,SPQR)

(c:/texlive/2017/texmf-dist/tex/latex/graphics/trig.sty
Package: trig 2016/01/03 v1.10 sin cos tan (DPC)
)
(c:/texlive/2017/texmf-dist/tex/latex/graphics-cfg/graphics.cfg
File: graphics.cfg 2016/06/04 v1.11 sample graphics configuration
)
Package graphics Info: Driver file: pdftex.def on input line 99.

(c:/texlive/2017/texmf-dist/tex/latex/graphics-def/pdftex.def
File: pdftex.def 2017/06/24 v1.0g Graphics/color driver for pdftex
))
\Gin@req@height=\dimen121
\Gin@req@width=\dimen122
)
\c@theorem=\count114
\c@corollary=\count115

(./IWSDA_conference.aux)
\openout1 = `IWSDA_conference.aux'.

LaTeX Font Info:    Checking defaults for OML/cmm/m/it on input line 45.
LaTeX Font Info:    ... okay on input line 45.
LaTeX Font Info:    Checking defaults for T1/cmr/m/n on input line 45.
LaTeX Font Info:    ... okay on input line 45.
LaTeX Font Info:    Checking defaults for OT1/cmr/m/n on input line 45.
LaTeX Font Info:    ... okay on input line 45.
LaTeX Font Info:    Checking defaults for OMS/cmsy/m/n on input line 45.
LaTeX Font Info:    ... okay on input line 45.
LaTeX Font Info:    Checking defaults for OMX/cmex/m/n on input line 45.
LaTeX Font Info:    ... okay on input line 45.
LaTeX Font Info:    Checking defaults for U/cmr/m/n on input line 45.
LaTeX Font Info:    ... okay on input line 45.
Package caption Info: Begin \AtBeginDocument code.
Package caption Info: longtable package is loaded.

(c:/texlive/2017/texmf-dist/tex/latex/caption/ltcaption.sty
Package: ltcaption 2013/06/09 v1.4-94 longtable captions (AR)
)
Package caption Info: End \AtBeginDocument code.

(c:/texlive/2017/texmf-dist/tex/context/base/mkii/supp-pdf.mkii
[Loading MPS to PDF converter (version 2006.09.02).]
\scratchcounter=\count116
\scratchdimen=\dimen123
\scratchbox=\box34
\nofMPsegments=\count117
\nofMParguments=\count118
\everyMPshowfont=\toks26
\MPscratchCnt=\count119
\MPscratchDim=\dimen124
\MPnumerator=\count120
\makeMPintoPDFobject=\count121
\everyMPtoPDFconversion=\toks27
) (c:/texlive/2017/texmf-dist/tex/latex/oberdiek/epstopdf-base.sty
Package: epstopdf-base 2016/05/15 v2.6 Base part for package epstopdf

(c:/texlive/2017/texmf-dist/tex/generic/oberdiek/infwarerr.sty
Package: infwarerr 2016/05/16 v1.4 Providing info/warning/error messages (HO)
)
(c:/texlive/2017/texmf-dist/tex/latex/oberdiek/grfext.sty
Package: grfext 2016/05/16 v1.2 Manage graphics extensions (HO)

(c:/texlive/2017/texmf-dist/tex/generic/oberdiek/kvdefinekeys.sty
Package: kvdefinekeys 2016/05/16 v1.4 Define keys (HO)

(c:/texlive/2017/texmf-dist/tex/generic/oberdiek/ltxcmds.sty
Package: ltxcmds 2016/05/16 v1.23 LaTeX kernel commands for general use (HO)
)))
(c:/texlive/2017/texmf-dist/tex/latex/oberdiek/kvoptions.sty
Package: kvoptions 2016/05/16 v3.12 Key value format for package options (HO)

(c:/texlive/2017/texmf-dist/tex/generic/oberdiek/kvsetkeys.sty
Package: kvsetkeys 2016/05/16 v1.17 Key value parser (HO)

(c:/texlive/2017/texmf-dist/tex/generic/oberdiek/etexcmds.sty
Package: etexcmds 2016/05/16 v1.6 Avoid name clashes with e-TeX commands (HO)

(c:/texlive/2017/texmf-dist/tex/generic/oberdiek/ifluatex.sty
Package: ifluatex 2016/05/16 v1.4 Provides the ifluatex switch (HO)
Package ifluatex Info: LuaTeX not detected.
)
Package etexcmds Info: Could not find \expanded.
(etexcmds)             That can mean that you are not using pdfTeX 1.50 or
(etexcmds)             that some package has redefined \expanded.
(etexcmds)             In the latter case, load this package earlier.
)))
(c:/texlive/2017/texmf-dist/tex/generic/oberdiek/pdftexcmds.sty
Package: pdftexcmds 2017/03/19 v0.25 Utility functions of pdfTeX for LuaTeX (HO
)

(c:/texlive/2017/texmf-dist/tex/generic/oberdiek/ifpdf.sty
Package: ifpdf 2017/03/15 v3.2 Provides the ifpdf switch
)
Package pdftexcmds Info: LuaTeX not detected.
Package pdftexcmds Info: \pdf@primitive is available.
Package pdftexcmds Info: \pdf@ifprimitive is available.
Package pdftexcmds Info: \pdfdraftmode found.
)
Package epstopdf-base Info: Redefining graphics rule for `.eps' on input line 4
38.
Package grfext Info: Graphics extension search list:
(grfext)             [.pdf,.png,.jpg,.mps,.jpeg,.jbig2,.jb2,.PDF,.PNG,.JPG,.JPE
G,.JBIG2,.JB2,.eps]
(grfext)             \AppendGraphicsExtensions on input line 456.

(c:/texlive/2017/texmf-dist/tex/latex/latexconfig/epstopdf-sys.cfg
File: epstopdf-sys.cfg 2010/07/13 v1.3 Configuration of (r)epstopdf for TeX Liv
e
))
LaTeX Font Info:    Try loading font information for U+msa on input line 48.

(c:/texlive/2017/texmf-dist/tex/latex/amsfonts/umsa.fd
File: umsa.fd 2013/01/14 v3.01 AMS symbols A
)
LaTeX Font Info:    Try loading font information for U+msb on input line 48.

(c:/texlive/2017/texmf-dist/tex/latex/amsfonts/umsb.fd
File: umsb.fd 2013/01/14 v3.01 AMS symbols B
) [1{c:/texlive/2017/texmf-var/fonts/map/pdftex/updmap/pdftex.map}


]
<RSCExample3.pdf, id=18, pagebox=cropbox, 2592.68625pt x 1355.0625pt>
File: RSCExample3.pdf Graphic file (type pdf)
<use RSCExample3.pdf>
Package pdftex.def Info: RSCExample3.pdf  used on input line 84. on input line 
84.
Package pdftex.def Info: Requested size: 230.46574pt x 120.44096pt on input lin
e 84.


LaTeX Warning: `!h' float specifier changed to `!ht'.


Underfull \hbox (badness 1990) in paragraph at lines 120--123
[]\OT1/cmr/m/n/10 Let $[] = [\OML/cmm/m/it/10 b[]b[]:::b[]\OT1/cmr/m/n/10 ]$ be
 a mes-sage in-put of
 []


Overfull \hbox (43.39583pt too wide) in paragraph at lines 183--183
[] 
 []


Overfull \hbox (20.00003pt too wide) detected at line 183
[]
 []

[2 <./RSCExample3.pdf>]
Overfull \hbox (1.04773pt too wide) in paragraph at lines 221--221
[] 
 []


Overfull \hbox (20.00003pt too wide) detected at line 221
[]
 []

<fsm.png, id=43, 700.86844pt x 237.13594pt>
File: fsm.png Graphic file (type png)
<use fsm.png>
Package pdftex.def Info: fsm.png  used on input line 229. on input line 229.
Package pdftex.def Info: Requested size: 230.46574pt x 77.97647pt on input line
 229.

LaTeX Warning: `!h' float specifier changed to `!ht'.


LaTeX Warning: `!h' float specifier changed to `!ht'.


Underfull \vbox (badness 10000) has occurred while \output is active []

 [3 <./fsm.png>]
Overfull \hbox (21.35799pt too wide) detected at line 290
\OML/cmm/m/it/10 P[] \OMS/cmsy/m/n/10 ^^T []\OML/cmm/m/it/10 e[]Q[][][][][][]
 []


Underfull \vbox (badness 10000) has occurred while \output is active []

<paperg2.png, id=47, 730.73pt x 516.93124pt>
File: paperg2.png Graphic file (type png)
<use paperg2.png>
Package pdftex.def Info: paperg2.png  used on input line 309. on input line 309
.
Package pdftex.def Info: Requested size: 230.46574pt x 163.03139pt on input lin
e 309.


LaTeX Warning: `h' float specifier changed to `ht'.

[4] [5

 <./paperg2.png>] (./IWSDA_conference.aux) ) 
Here is how much of TeX's memory you used:
 4973 strings out of 492990
 81698 string characters out of 6136334
 154992 words of memory out of 5000000
 8436 multiletter control sequences out of 15000+600000
 18535 words of font info for 67 fonts, out of 8000000 for 9000
 1141 hyphenation exceptions out of 8191
 41i,17n,46p,1061b,283s stack positions out of 5000i,500n,10000p,200000b,80000s
<c:/texlive/2017/texmf-dist/fonts/t
ype1/public/amsfonts/cm/cmbx10.pfb><c:/texlive/2017/texmf-dist/fonts/type1/publ
ic/amsfonts/cm/cmbx12.pfb><c:/texlive/2017/texmf-dist/fonts/type1/public/amsfon
ts/cm/cmbxti10.pfb><c:/texlive/2017/texmf-dist/fonts/type1/public/amsfonts/cm/c
mex10.pfb><c:/texlive/2017/texmf-dist/fonts/type1/public/amsfonts/cm/cmmi10.pfb
><c:/texlive/2017/texmf-dist/fonts/type1/public/amsfonts/cm/cmmi5.pfb><c:/texli
ve/2017/texmf-dist/fonts/type1/public/amsfonts/cm/cmmi7.pfb><c:/texlive/2017/te
xmf-dist/fonts/type1/public/amsfonts/cm/cmr10.pfb><c:/texlive/2017/texmf-dist/f
onts/type1/public/amsfonts/cm/cmr12.pfb><c:/texlive/2017/texmf-dist/fonts/type1
/public/amsfonts/cm/cmr17.pfb><c:/texlive/2017/texmf-dist/fonts/type1/public/am
sfonts/cm/cmr5.pfb><c:/texlive/2017/texmf-dist/fonts/type1/public/amsfonts/cm/c
mr7.pfb><c:/texlive/2017/texmf-dist/fonts/type1/public/amsfonts/cm/cmsy10.pfb><
c:/texlive/2017/texmf-dist/fonts/type1/public/amsfonts/cm/cmsy5.pfb><c:/texlive
/2017/texmf-dist/fonts/type1/public/amsfonts/cm/cmsy7.pfb><c:/texlive/2017/texm
f-dist/fonts/type1/public/amsfonts/cm/cmsy8.pfb><c:/texlive/2017/texmf-dist/fon
ts/type1/public/amsfonts/cm/cmti10.pfb>
Output written on IWSDA_conference.pdf (5 pages, 250001 bytes).
PDF statistics:
 111 PDF objects out of 1000 (max. 8388607)
 79 compressed objects within 1 object stream
 0 named destinations out of 1000 (max. 500000)
 16 words of extra memory for PDF output out of 10000 (max. 10000000)

